<?xml version="1.0" encoding="UTF-8"?>
<!-- Generated by org.testng.reporters.JUnitReportReporter -->
<testsuite hostname="DESKTOP-7FGOP1G" failures="0" tests="1" name="project2" time="0.386" errors="0" timestamp="2023-10-23T13:17:28 EET" skipped="0">
  <testcase classname="project2" name="myTest" time="0.386"/>
  <system-out/>
</testsuite> <!-- project2 -->
